*   ccdb325 Merge pull request #1 from StanTheMackiar2000/new
|\  
| * 5574bd5 Aportando informacion al README.md
| * 9b1e873 Haciendo mejores al README del repositorio
| * a214a99 Cambio de prueba StanTheMackiar2000
|/  
* 5a55f5a Agregando imagen de flujo Git y poniendo chulo el index.html
* 373ca7b v1.0.0
* 4a48b4e Respaldado logs del repositorio
*   ba521fb Resolviendo conficto en pull
|\  
| * a30b3ce Colocando dos nuevos parrafos
* | ea7b874 Colocando dos nuevos parrafos
|/  
*   d94de66 Resolviendo conflicto merge main/html en el documento index.html
|\  
| * c4ee6cf Agregando index.js al index.html
* | 372e678 Agregando style.css al index.html
* |   857d71d Merge branch 'js'
|\ \  
| * | 0072696 Creando index.js
* | | 64b6b79 Creando archivo styles.css
| |/  
|/|   
* | 2231152 Creando archivo index.html
|/  
* d936574 Ignorando archivos .exe
* 0869a9e Creando licencia
* 1f1b0e2 Editado readme
* a1f359f Primer commit
